Determining if the pthread_create exist failed with the following output:
Change Dir: /home/robot/Ericsson/fuze/PCL_to_ROS/build/publish_pc2/CMakeFiles/CMakeTmp

Run Build Command:"/usr/bin/make" "cmTC_3457c/fast"
/usr/bin/make -f CMakeFiles/cmTC_3457c.dir/build.make CMakeFiles/cmTC_3457c.dir/build
make[1]: Entering directory '/home/robot/Ericsson/fuze/PCL_to_ROS/build/publish_pc2/CMakeFiles/CMakeTmp'
Building C object CMakeFiles/cmTC_3457c.dir/CheckSymbolExists.c.o
/usr/bin/cc    -o CMakeFiles/cmTC_3457c.dir/CheckSymbolExists.c.o   -c /home/robot/Ericsson/fuze/PCL_to_ROS/build/publish_pc2/CMakeFiles/CMakeTmp/CheckSymbolExists.c
Linking C executable cmTC_3457c
/usr/bin/cmake -E cmake_link_script CMakeFiles/cmTC_3457c.dir/link.txt --verbose=1
/usr/bin/cc      -rdynamic CMakeFiles/cmTC_3457c.dir/CheckSymbolExists.c.o  -o cmTC_3457c 
CMakeFiles/cmTC_3457c.dir/CheckSymbolExists.c.o: In function `main':
CheckSymbolExists.c:(.text+0x1b): undefined reference to `pthread_create'
collect2: error: ld returned 1 exit status
CMakeFiles/cmTC_3457c.dir/build.make:97: recipe for target 'cmTC_3457c' failed
make[1]: *** [cmTC_3457c] Error 1
make[1]: Leaving directory '/home/robot/Ericsson/fuze/PCL_to_ROS/build/publish_pc2/CMakeFiles/CMakeTmp'
Makefile:126: recipe for target 'cmTC_3457c/fast' failed
make: *** [cmTC_3457c/fast] Error 2

File /home/robot/Ericsson/fuze/PCL_to_ROS/build/publish_pc2/CMakeFiles/CMakeTmp/CheckSymbolExists.c:
/* */
#include <pthread.h>

int main(int argc, char** argv)
{
  (void)argv;
#ifndef pthread_create
  return ((int*)(&pthread_create))[argc];
#else
  (void)argc;
  return 0;
#endif
}

Determining if the function pthread_create exists in the pthreads failed with the following output:
Change Dir: /home/robot/Ericsson/fuze/PCL_to_ROS/build/publish_pc2/CMakeFiles/CMakeTmp

Run Build Command:"/usr/bin/make" "cmTC_40ea5/fast"
/usr/bin/make -f CMakeFiles/cmTC_40ea5.dir/build.make CMakeFiles/cmTC_40ea5.dir/build
make[1]: Entering directory '/home/robot/Ericsson/fuze/PCL_to_ROS/build/publish_pc2/CMakeFiles/CMakeTmp'
Building C object CMakeFiles/cmTC_40ea5.dir/CheckFunctionExists.c.o
/usr/bin/cc   -DCHECK_FUNCTION_EXISTS=pthread_create   -o CMakeFiles/cmTC_40ea5.dir/CheckFunctionExists.c.o   -c /usr/share/cmake-3.10/Modules/CheckFunctionExists.c
Linking C executable cmTC_40ea5
/usr/bin/cmake -E cmake_link_script CMakeFiles/cmTC_40ea5.dir/link.txt --verbose=1
/usr/bin/cc  -DCHECK_FUNCTION_EXISTS=pthread_create    -rdynamic CMakeFiles/cmTC_40ea5.dir/CheckFunctionExists.c.o  -o cmTC_40ea5 -lpthreads 
/usr/bin/ld: cannot find -lpthreads
collect2: error: ld returned 1 exit status
CMakeFiles/cmTC_40ea5.dir/build.make:97: recipe for target 'cmTC_40ea5' failed
make[1]: *** [cmTC_40ea5] Error 1
make[1]: Leaving directory '/home/robot/Ericsson/fuze/PCL_to_ROS/build/publish_pc2/CMakeFiles/CMakeTmp'
Makefile:126: recipe for target 'cmTC_40ea5/fast' failed
make: *** [cmTC_40ea5/fast] Error 2


